0 silly input [ 'test' ]
1 silly flags { _: [ 'run' ],
1 silly flags   'reject-cycles': false,
1 silly flags   rejectCycles: false,
1 silly flags   stream: true,
1 silly flags   script: 'test',
1 silly flags   args: [] }
2 verbose rootPath /Users/ingrowth/Documents/Projects/sqlgate-docs
3 info version 2.11.0
4 silly existsSync /Users/ingrowth/Documents/Projects/sqlgate-docs/VERSION
5 info versioning independent
6 silly initialize attempt
7 silly initialize success
8 silly execute attempt
9 silly runScriptInPackageStreaming [ 'test', [], 'docusaurus' ]
10 silly getExecOpts { cwd: '/Users/ingrowth/Documents/Projects/sqlgate-docs/Docusaurus' }
11 error execute callback with error
12 error Error: Command failed: npm run test
12 error PASS lib/core/__tests__/utils.test.js
12 error PASS lib/core/__tests__/toSlug.test.js
12 error PASS lib/core/__tests__/routing.test.js
12 error PASS lib/core/__tests__/anchors.test.js
12 error PASS lib/core/__tests__/getTOC.test.js
12 error /bin/sh: yarn: command not found
12 error FAIL lib/__tests__/build-files.test.js
12 error   ● Build folder exists
12 error
12 error     Error
12 error       Error: ENOENT: no such file or directory, stat '/Users/ingrowth/Documents/Projects/sqlgate-docs/Docusaurus/website/build'
12 error
12 error   ● Generated HTML for each Markdown resource
12 error
12 error     expect(array).toContain(value)
12 error
12 error     Expected array:
12 error       []
12 error     To contain value:
12 error       "commands.html"
12 error
12 error       at lib/__tests__/build-files.test.js:79:22
12 error           at Array.forEach (<anonymous>)
12 error       at Object.<anonymous> (lib/__tests__/build-files.test.js:75:22)
12 error           at new Promise (<anonymous>)
12 error           at <anonymous>
12 error
12 error   ● Concatenated CSS files
12 error
12 error     Error
12 error       Error: ENOENT: no such file or directory, open '/Users/ingrowth/Documents/Projects/sqlgate-docs/Docusaurus/website/build/Docusaurus/css/main.css'
12 error
12 error Test Suites: 1 failed, 5 passed, 6 total
12 error Tests:       3 failed, 27 passed, 30 total
12 error Snapshots:   8 passed, 8 total
12 error Time:        2.281s
12 error Ran all test suites.
12 error npm ERR! code ELIFECYCLE
12 error npm ERR! errno 1
12 error npm ERR! docusaurus@1.3.0 test: `jest`
12 error npm ERR! Exit status 1
12 error npm ERR!
12 error npm ERR! Failed at the docusaurus@1.3.0 test script.
12 error npm ERR! This is probably not a problem with npm. There is likely additional logging output above.
12 error
12 error npm ERR! A complete log of this run can be found in:
12 error npm ERR!     /Users/ingrowth/.npm/_logs/2018-07-10T05_31_57_572Z-debug.log
12 error
12 error
12 error > docusaurus@1.3.0 test /Users/ingrowth/Documents/Projects/sqlgate-docs/Docusaurus
12 error > jest
12 error
12 error
12 error     at Promise.all.then.arr (/Users/ingrowth/Documents/Projects/sqlgate-docs/node_modules/execa/index.js:236:11)
12 error     at <anonymous>
